<?xml version="1.0" encoding="UTF-8"?>
<testng-results ignored="4" total="7" passed="3" failed="0" skipped="0">
  <reporter-output>
  </reporter-output>
  <suite started-at="2021-11-02T09:37:22 IST" name="Suite" finished-at="2021-11-02T09:37:45 IST" duration-ms="23371">
    <groups>
    </groups>
    <test started-at="2021-11-02T09:37:22 IST" name="Test" finished-at="2021-11-02T09:37:45 IST" duration-ms="23371">
      <class name="com.elocalshops.Runner.Product_Search_Check">
        <test-method is-config="true" signature="DriverSetup()[pri:0, instance:com.elocalshops.Runner.Product_Search_Check@7188af83]" started-at="2021-11-02T09:37:33 IST" name="DriverSetup" finished-at="2021-11-02T09:37:35 IST" duration-ms="1687" status="PASS">
          <reporter-output>
          </reporter-output>
        </test-method> <!-- DriverSetup -->
        <test-method is-config="true" signature="beforeMethod()[pri:0, instance:com.elocalshops.Runner.Product_Search_Check@7188af83]" started-at="2021-11-02T09:37:35 IST" name="beforeMethod" finished-at="2021-11-02T09:37:38 IST" duration-ms="3009" status="PASS">
          <reporter-output>
          </reporter-output>
        </test-method> <!-- beforeMethod -->
        <test-method signature="searchItem()[pri:0, instance:com.elocalshops.Runner.Product_Search_Check@7188af83]" started-at="2021-11-02T09:37:38 IST" name="searchItem" finished-at="2021-11-02T09:37:39 IST" duration-ms="597" status="PASS">
          <reporter-output>
          </reporter-output>
        </test-method> <!-- searchItem -->
        <test-method is-config="true" signature="afterClass()[pri:0, instance:com.elocalshops.Runner.Product_Search_Check@7188af83]" started-at="2021-11-02T09:37:39 IST" name="afterClass" finished-at="2021-11-02T09:37:39 IST" duration-ms="712" status="PASS">
          <reporter-output>
          </reporter-output>
        </test-method> <!-- afterClass -->
      </class> <!-- com.elocalshops.Runner.Product_Search_Check -->
      <class name="com.elocalshops.Runner.Login_check">
        <test-method is-config="true" signature="beforeClass()[pri:0, instance:com.elocalshops.Runner.Login_check@3e08ff24]" started-at="2021-11-02T09:37:22 IST" name="beforeClass" finished-at="2021-11-02T09:37:22 IST" duration-ms="356" status="PASS">
          <reporter-output>
          </reporter-output>
        </test-method> <!-- beforeClass -->
        <test-method is-config="true" signature="DriverSetup()[pri:0, instance:com.elocalshops.Runner.Login_check@3e08ff24]" started-at="2021-11-02T09:37:22 IST" name="DriverSetup" finished-at="2021-11-02T09:37:26 IST" duration-ms="3785" status="PASS">
          <reporter-output>
          </reporter-output>
        </test-method> <!-- DriverSetup -->
        <test-method is-config="true" signature="beforeMethod()[pri:0, instance:com.elocalshops.Runner.Login_check@3e08ff24]" started-at="2021-11-02T09:37:26 IST" name="beforeMethod" finished-at="2021-11-02T09:37:29 IST" duration-ms="3427" status="PASS">
          <reporter-output>
          </reporter-output>
        </test-method> <!-- beforeMethod -->
        <test-method signature="Login_to_Site(java.lang.String,java.lang.String)[pri:0, instance:com.elocalshops.Runner.Login_check@3e08ff24]" started-at="2021-11-02T09:37:29 IST" name="Login_to_Site" data-provider="getData" finished-at="2021-11-02T09:37:33 IST" duration-ms="3294" status="PASS">
          <params>
            <param index="0">
              <value>
                <![CDATA[Harsha]]>
              </value>
            </param>
            <param index="1">
              <value>
                <![CDATA[pass]]>
              </value>
            </param>
          </params>
          <reporter-output>
          </reporter-output>
        </test-method> <!-- Login_to_Site -->
        <test-method is-config="true" signature="afterClass()[pri:0, instance:com.elocalshops.Runner.Login_check@3e08ff24]" started-at="2021-11-02T09:37:33 IST" name="afterClass" finished-at="2021-11-02T09:37:33 IST" duration-ms="772" status="PASS">
          <reporter-output>
          </reporter-output>
        </test-method> <!-- afterClass -->
        <test-method is-config="true" signature="afterSuite()[pri:0, instance:com.elocalshops.Runner.Login_check@3e08ff24]" started-at="2021-11-02T09:37:45 IST" name="afterSuite" finished-at="2021-11-02T09:37:46 IST" duration-ms="234" status="PASS">
          <reporter-output>
          </reporter-output>
        </test-method> <!-- afterSuite -->
      </class> <!-- com.elocalshops.Runner.Login_check -->
      <class name="com.elocalshops.Runner.ValidateTitle">
        <test-method is-config="true" signature="DriverSetup()[pri:0, instance:com.elocalshops.Runner.ValidateTitle@6be968ce]" started-at="2021-11-02T09:37:39 IST" name="DriverSetup" finished-at="2021-11-02T09:37:41 IST" duration-ms="1569" status="PASS">
          <reporter-output>
          </reporter-output>
        </test-method> <!-- DriverSetup -->
        <test-method is-config="true" signature="beforeMethod()[pri:0, instance:com.elocalshops.Runner.ValidateTitle@6be968ce]" started-at="2021-11-02T09:37:41 IST" name="beforeMethod" finished-at="2021-11-02T09:37:45 IST" duration-ms="3571" status="PASS">
          <reporter-output>
          </reporter-output>
        </test-method> <!-- beforeMethod -->
        <test-method signature="Validation()[pri:0, instance:com.elocalshops.Runner.ValidateTitle@6be968ce]" started-at="2021-11-02T09:37:45 IST" name="Validation" finished-at="2021-11-02T09:37:45 IST" duration-ms="179" status="PASS">
          <reporter-output>
          </reporter-output>
        </test-method> <!-- Validation -->
        <test-method is-config="true" signature="afterClass()[pri:0, instance:com.elocalshops.Runner.ValidateTitle@6be968ce]" started-at="2021-11-02T09:37:45 IST" name="afterClass" finished-at="2021-11-02T09:37:45 IST" duration-ms="711" status="PASS">
          <reporter-output>
          </reporter-output>
        </test-method> <!-- afterClass -->
      </class> <!-- com.elocalshops.Runner.ValidateTitle -->
    </test> <!-- Test -->
  </suite> <!-- Suite -->
</testng-results>
