<?xml version="1.0" encoding="UTF-8"?>
<!-- Generated by org.testng.reporters.JUnitXMLReporter -->
<testsuite ignored="4" hostname="LAPTOP-LBM6U9VC" failures="0" tests="3" name="Test" time="23.371" errors="0" timestamp="2021-11-02T09:37:45 IST">
  <testcase classname="com.elocalshops.Runner.Login_check" name="Login_to_Site" time="3.294"/>
  <testcase classname="com.elocalshops.Runner.Product_Search_Check" name="searchItem" time="0.597"/>
  <testcase classname="com.elocalshops.Runner.ValidateTitle" name="Validation" time="0.179"/>
  <testcase classname="com.elocalshops.ReusableComponents.Base" name="@BeforeSuite beforeClass" time="0.0">
    <ignored/>
  </testcase> <!-- @BeforeSuite beforeClass -->
  <testcase classname="com.elocalshops.ReusableComponents.Base" name="@BeforeSuite beforeClass" time="0.0">
    <ignored/>
  </testcase> <!-- @BeforeSuite beforeClass -->
  <testcase classname="com.elocalshops.ReusableComponents.Base" name="@AfterSuite afterSuite" time="0.0">
    <ignored/>
  </testcase> <!-- @AfterSuite afterSuite -->
  <testcase classname="com.elocalshops.ReusableComponents.Base" name="@AfterSuite afterSuite" time="0.0">
    <ignored/>
  </testcase> <!-- @AfterSuite afterSuite -->
</testsuite> <!-- Test -->
